<?xml version="1.0" encoding="UTF-8"?>
<Site BuildName="Linux-c++"
	BuildStamp="20230403-0255-Experimental"
	Name="walter"
	Generator="ctest-3.26.1"
	CompilerName="/usr/bin/c++"
	CompilerVersion="9.4.0"
	OSName="Linux"
	Hostname="walter"
	OSRelease="5.15.0-67-generic"
	OSVersion="#74~20.04.1-Ubuntu SMP Wed Feb 22 14:52:34 UTC 2023"
	OSPlatform="x86_64"
	Is64Bits="1"
	VendorString="GenuineIntel"
	VendorID="Intel Corporation"
	FamilyID="6"
	ModelID="158"
	ProcessorCacheSize="6144"
	NumberOfLogicalCPU="8"
	NumberOfPhysicalCPU="4"
	TotalVirtualMemory="2047"
	TotalPhysicalMemory="15876"
	LogicalProcessorsPerPhysical="2"
	ProcessorClockFrequency="2800"
	>
	<Configure>
		<StartDateTime>Apr 03 14:55 NZST</StartDateTime>
		<StartConfigureTime>1680490504</StartConfigureTime>
		<ConfigureCommand>"/home/walter/.local/lib/python3.8/site-packages/cmake/data/bin/cmake" "/home/walter/git/cmake_tutorial/cmake-3.26.2-tutorial-source/Step6"</ConfigureCommand>
		<Log>-- Configuring done (0.0s)
-- Generating done (0.0s)
-- Build files have been written to: /home/walter/git/cmake_tutorial/cmake-3.26.2-tutorial-source/build_6
</Log>
		<ConfigureStatus>0</ConfigureStatus>
		<EndDateTime>Apr 03 14:55 NZST</EndDateTime>
		<EndConfigureTime>1680490504</EndConfigureTime>
		<ElapsedMinutes>0</ElapsedMinutes>
	</Configure>
</Site>
