<?xml version="1.0" encoding="UTF-8"?>
<Site BuildName="Linux-c++"
	BuildStamp="20230403-0255-Experimental"
	Name="walter"
	Generator="ctest-3.26.1"
	CompilerName="/usr/bin/c++"
	CompilerVersion="9.4.0"
	OSName="Linux"
	Hostname="walter"
	OSRelease="5.15.0-67-generic"
	OSVersion="#74~20.04.1-Ubuntu SMP Wed Feb 22 14:52:34 UTC 2023"
	OSPlatform="x86_64"
	Is64Bits="1"
	VendorString="GenuineIntel"
	VendorID="Intel Corporation"
	FamilyID="6"
	ModelID="158"
	ProcessorCacheSize="6144"
	NumberOfLogicalCPU="8"
	NumberOfPhysicalCPU="4"
	TotalVirtualMemory="2047"
	TotalPhysicalMemory="15876"
	LogicalProcessorsPerPhysical="2"
	ProcessorClockFrequency="2800"
	>
	<Testing>
		<StartDateTime>Apr 03 14:55 NZST</StartDateTime>
		<StartTestTime>1680490504</StartTestTime>
		<TestList>
			<Test>./Runs</Test>
			<Test>./Usage</Test>
			<Test>./Comp4</Test>
			<Test>./Comp9</Test>
			<Test>./Comp5</Test>
			<Test>./Comp7</Test>
			<Test>./Comp25</Test>
			<Test>./Comp-25</Test>
			<Test>./Comp0.0001</Test>
		</TestList>
		<Test Status="passed">
			<Name>Runs</Name>
			<Path>.</Path>
			<FullName>./Runs</FullName>
			<FullCommandLine>/home/walter/git/cmake_tutorial/cmake-3.26.2-tutorial-source/build_6/Tutorial "25"</FullCommandLine>
			<Results>
				<NamedMeasurement type="numeric/double" name="Execution Time">
					<Value>0.00156727</Value>
				</NamedMeasurement>
				<NamedMeasurement type="numeric/double" name="Processors">
					<Value>1</Value>
				</NamedMeasurement>
				<NamedMeasurement type="text/string" name="Completion Status">
					<Value>Completed</Value>
				</NamedMeasurement>
				<NamedMeasurement type="text/string" name="Command Line">
					<Value>/home/walter/git/cmake_tutorial/cmake-3.26.2-tutorial-source/build_6/Tutorial "25"</Value>
				</NamedMeasurement>
				<NamedMeasurement type="text/string" name="Environment">
					<Value>#CTEST_RESOURCE_GROUP_COUNT=</Value>
				</NamedMeasurement>
				<Measurement>
					<Value encoding="base64" compression="gzip">eJxzzs8tKC3JzEtXKC4sKlHIT1MwMlUoyVdISlUwNOZyxi1rrmdiZmhqgk+JqZ6JgZkBXlNM9QwMTY1MCSgBAiO8SgZEMiQjFShcmliUqlCUnw+TzSwGSgEABxhrWQ==</Value>
				</Measurement>
			</Results>
		</Test>
		<Test Status="passed">
			<Name>Usage</Name>
			<Path>.</Path>
			<FullName>./Usage</FullName>
			<FullCommandLine>/home/walter/git/cmake_tutorial/cmake-3.26.2-tutorial-source/build_6/Tutorial</FullCommandLine>
			<Results>
				<NamedMeasurement type="text/string" name="Exit Code">
					<Value>Completed</Value>
				</NamedMeasurement>
				<NamedMeasurement type="text/string" name="Exit Value">
					<Value>1</Value>
				</NamedMeasurement>
				<NamedMeasurement type="numeric/double" name="Execution Time">
					<Value>0.00155606</Value>
				</NamedMeasurement>
				<NamedMeasurement type="text/string" name="Pass Reason">
					<Value>Required regular expression found. Regex=[Usage:.*number]</Value>
				</NamedMeasurement>
				<NamedMeasurement type="numeric/double" name="Processors">
					<Value>1</Value>
				</NamedMeasurement>
				<NamedMeasurement type="text/string" name="Completion Status">
					<Value>Completed</Value>
				</NamedMeasurement>
				<NamedMeasurement type="text/string" name="Command Line">
					<Value>/home/walter/git/cmake_tutorial/cmake-3.26.2-tutorial-source/build_6/Tutorial</Value>
				</NamedMeasurement>
				<NamedMeasurement type="text/string" name="Environment">
					<Value>#CTEST_RESOURCE_GROUP_COUNT=</Value>
				</NamedMeasurement>
				<Measurement>
					<Value encoding="base64" compression="gzip">eJzTz8jPTdUvT8wpSS3ST88s0U/OTcxOjS8pLckvykzMgXB1jfWMzPSMdGGiusX5pUXJqfpJpZk5KfFm+iFQcYWw1KLizPw8BUM9A67Q4sT0VCsFfapakFeam5RaxAUAaQhBUg==</Value>
				</Measurement>
			</Results>
		</Test>
		<Test Status="passed">
			<Name>Comp4</Name>
			<Path>.</Path>
			<FullName>./Comp4</FullName>
			<FullCommandLine>/home/walter/git/cmake_tutorial/cmake-3.26.2-tutorial-source/build_6/Tutorial "4"</FullCommandLine>
			<Results>
				<NamedMeasurement type="numeric/double" name="Execution Time">
					<Value>0.001494</Value>
				</NamedMeasurement>
				<NamedMeasurement type="text/string" name="Pass Reason">
					<Value>Required regular expression found. Regex=[4 is 2]</Value>
				</NamedMeasurement>
				<NamedMeasurement type="numeric/double" name="Processors">
					<Value>1</Value>
				</NamedMeasurement>
				<NamedMeasurement type="text/string" name="Completion Status">
					<Value>Completed</Value>
				</NamedMeasurement>
				<NamedMeasurement type="text/string" name="Command Line">
					<Value>/home/walter/git/cmake_tutorial/cmake-3.26.2-tutorial-source/build_6/Tutorial "4"</Value>
				</NamedMeasurement>
				<NamedMeasurement type="text/string" name="Environment">
					<Value>#CTEST_RESOURCE_GROUP_COUNT=</Value>
				</NamedMeasurement>
				<Measurement>
					<Value encoding="base64" compression="gzip">eJxzzs8tKC3JzEtXKC4sKlHIT1MwUSjJV0hKVTDSM+VyxiNrQEDawMDMEJ+KISMXkpEKFC1NLEpVKMrPh0pmFgNlAM6KZkk=</Value>
				</Measurement>
			</Results>
		</Test>
		<Test Status="passed">
			<Name>Comp9</Name>
			<Path>.</Path>
			<FullName>./Comp9</FullName>
			<FullCommandLine>/home/walter/git/cmake_tutorial/cmake-3.26.2-tutorial-source/build_6/Tutorial "9"</FullCommandLine>
			<Results>
				<NamedMeasurement type="numeric/double" name="Execution Time">
					<Value>0.00154666</Value>
				</NamedMeasurement>
				<NamedMeasurement type="text/string" name="Pass Reason">
					<Value>Required regular expression found. Regex=[9 is 3]</Value>
				</NamedMeasurement>
				<NamedMeasurement type="numeric/double" name="Processors">
					<Value>1</Value>
				</NamedMeasurement>
				<NamedMeasurement type="text/string" name="Completion Status">
					<Value>Completed</Value>
				</NamedMeasurement>
				<NamedMeasurement type="text/string" name="Command Line">
					<Value>/home/walter/git/cmake_tutorial/cmake-3.26.2-tutorial-source/build_6/Tutorial "9"</Value>
				</NamedMeasurement>
				<NamedMeasurement type="text/string" name="Environment">
					<Value>#CTEST_RESOURCE_GROUP_COUNT=</Value>
				</NamedMeasurement>
				<Measurement>
					<Value encoding="base64" compression="gzip">eJxzzs8tKC3JzEtXKC4sKlHIT1OwVCjJV0hKVTDlcsYpZ6xnglfWwMjY1Bi/CiCwxKdiUMmFZKQCRUsTi1IVivLzoZKZxUAZAADwZyY=</Value>
				</Measurement>
			</Results>
		</Test>
		<Test Status="passed">
			<Name>Comp5</Name>
			<Path>.</Path>
			<FullName>./Comp5</FullName>
			<FullCommandLine>/home/walter/git/cmake_tutorial/cmake-3.26.2-tutorial-source/build_6/Tutorial "5"</FullCommandLine>
			<Results>
				<NamedMeasurement type="numeric/double" name="Execution Time">
					<Value>0.00146956</Value>
				</NamedMeasurement>
				<NamedMeasurement type="text/string" name="Pass Reason">
					<Value>Required regular expression found. Regex=[5 is 2.236]</Value>
				</NamedMeasurement>
				<NamedMeasurement type="numeric/double" name="Processors">
					<Value>1</Value>
				</NamedMeasurement>
				<NamedMeasurement type="text/string" name="Completion Status">
					<Value>Completed</Value>
				</NamedMeasurement>
				<NamedMeasurement type="text/string" name="Command Line">
					<Value>/home/walter/git/cmake_tutorial/cmake-3.26.2-tutorial-source/build_6/Tutorial "5"</Value>
				</NamedMeasurement>
				<NamedMeasurement type="text/string" name="Environment">
					<Value>#CTEST_RESOURCE_GROUP_COUNT=</Value>
				</NamedMeasurement>
				<Measurement>
					<Value encoding="base64" compression="gzip">eJxzzs8tKC3JzEtXKC4sKlHIT1MwVSjJV0hKVTDmcsYpZ6RnDAJ4VRgZWxgSUGBmYD6sVIRkpALlShOLUhWK8vOhSjKL4fIAuKZv4w==</Value>
				</Measurement>
			</Results>
		</Test>
		<Test Status="passed">
			<Name>Comp7</Name>
			<Path>.</Path>
			<FullName>./Comp7</FullName>
			<FullCommandLine>/home/walter/git/cmake_tutorial/cmake-3.26.2-tutorial-source/build_6/Tutorial "7"</FullCommandLine>
			<Results>
				<NamedMeasurement type="numeric/double" name="Execution Time">
					<Value>0.00135724</Value>
				</NamedMeasurement>
				<NamedMeasurement type="text/string" name="Pass Reason">
					<Value>Required regular expression found. Regex=[7 is 2.645]</Value>
				</NamedMeasurement>
				<NamedMeasurement type="numeric/double" name="Processors">
					<Value>1</Value>
				</NamedMeasurement>
				<NamedMeasurement type="text/string" name="Completion Status">
					<Value>Completed</Value>
				</NamedMeasurement>
				<NamedMeasurement type="text/string" name="Command Line">
					<Value>/home/walter/git/cmake_tutorial/cmake-3.26.2-tutorial-source/build_6/Tutorial "7"</Value>
				</NamedMeasurement>
				<NamedMeasurement type="text/string" name="Environment">
					<Value>#CTEST_RESOURCE_GROUP_COUNT=</Value>
				</NamedMeasurement>
				<Measurement>
					<Value encoding="base64" compression="gzip">eJxzzs8tKC3JzEtXKC4sKlHIT1MwVyjJV0hKVTDhcsYpZ6RnYW6KV97M1MTCEr8KE1Nzc4IqCNgyqFSEZKQC5UoTi1IVivLzoUoyi+HyAL6VcCs=</Value>
				</Measurement>
			</Results>
		</Test>
		<Test Status="passed">
			<Name>Comp25</Name>
			<Path>.</Path>
			<FullName>./Comp25</FullName>
			<FullCommandLine>/home/walter/git/cmake_tutorial/cmake-3.26.2-tutorial-source/build_6/Tutorial "25"</FullCommandLine>
			<Results>
				<NamedMeasurement type="numeric/double" name="Execution Time">
					<Value>0.00133503</Value>
				</NamedMeasurement>
				<NamedMeasurement type="text/string" name="Pass Reason">
					<Value>Required regular expression found. Regex=[25 is 5]</Value>
				</NamedMeasurement>
				<NamedMeasurement type="numeric/double" name="Processors">
					<Value>1</Value>
				</NamedMeasurement>
				<NamedMeasurement type="text/string" name="Completion Status">
					<Value>Completed</Value>
				</NamedMeasurement>
				<NamedMeasurement type="text/string" name="Command Line">
					<Value>/home/walter/git/cmake_tutorial/cmake-3.26.2-tutorial-source/build_6/Tutorial "25"</Value>
				</NamedMeasurement>
				<NamedMeasurement type="text/string" name="Environment">
					<Value>#CTEST_RESOURCE_GROUP_COUNT=</Value>
				</NamedMeasurement>
				<Measurement>
					<Value encoding="base64" compression="gzip">eJxzzs8tKC3JzEtXKC4sKlHIT1MwMlUoyVdISlUwNOZyxi1rrmdiZmhqgk+JqZ6JgZkBXlNM9QwMTY1MCSgBAiO8SgZEMiQjFShcmliUqlCUnw+TzSwGSgEABxhrWQ==</Value>
				</Measurement>
			</Results>
		</Test>
		<Test Status="passed">
			<Name>Comp-25</Name>
			<Path>.</Path>
			<FullName>./Comp-25</FullName>
			<FullCommandLine>/home/walter/git/cmake_tutorial/cmake-3.26.2-tutorial-source/build_6/Tutorial "-25"</FullCommandLine>
			<Results>
				<NamedMeasurement type="numeric/double" name="Execution Time">
					<Value>0.00128766</Value>
				</NamedMeasurement>
				<NamedMeasurement type="text/string" name="Pass Reason">
					<Value>Required regular expression found. Regex=[-25 is (-nan|nan|0)]</Value>
				</NamedMeasurement>
				<NamedMeasurement type="numeric/double" name="Processors">
					<Value>1</Value>
				</NamedMeasurement>
				<NamedMeasurement type="text/string" name="Completion Status">
					<Value>Completed</Value>
				</NamedMeasurement>
				<NamedMeasurement type="text/string" name="Command Line">
					<Value>/home/walter/git/cmake_tutorial/cmake-3.26.2-tutorial-source/build_6/Tutorial "-25"</Value>
				</NamedMeasurement>
				<NamedMeasurement type="text/string" name="Environment">
					<Value>#CTEST_RESOURCE_GROUP_COUNT=</Value>
				</NamedMeasurement>
				<Measurement>
					<Value>The square root of -25 is 0
</Value>
				</Measurement>
			</Results>
		</Test>
		<Test Status="passed">
			<Name>Comp0.0001</Name>
			<Path>.</Path>
			<FullName>./Comp0.0001</FullName>
			<FullCommandLine>/home/walter/git/cmake_tutorial/cmake-3.26.2-tutorial-source/build_6/Tutorial "0.0001"</FullCommandLine>
			<Results>
				<NamedMeasurement type="numeric/double" name="Execution Time">
					<Value>0.00137243</Value>
				</NamedMeasurement>
				<NamedMeasurement type="text/string" name="Pass Reason">
					<Value>Required regular expression found. Regex=[0.0001 is 0.01]</Value>
				</NamedMeasurement>
				<NamedMeasurement type="numeric/double" name="Processors">
					<Value>1</Value>
				</NamedMeasurement>
				<NamedMeasurement type="text/string" name="Completion Status">
					<Value>Completed</Value>
				</NamedMeasurement>
				<NamedMeasurement type="text/string" name="Command Line">
					<Value>/home/walter/git/cmake_tutorial/cmake-3.26.2-tutorial-source/build_6/Tutorial "0.0001"</Value>
				</NamedMeasurement>
				<NamedMeasurement type="text/string" name="Environment">
					<Value>#CTEST_RESOURCE_GROUP_COUNT=</Value>
				</NamedMeasurement>
				<Measurement>
					<Value encoding="base64" compression="gzip">eJyNzzEOgzAMheGdU/gE1bNDEnau0AsUKS0M4DaE+9cSCxsef71veaOu36Mt24f2X22kb8IDAFNTmopFtIrdeMckgsXhDEmSe4cUENA7YJCAwQM5Z/DggZxydHwB22d4zrAlsgd2z7nYerxqoap6Rct+ij99LXyL====</Value>
				</Measurement>
			</Results>
		</Test>
		<EndDateTime>Apr 03 14:55 NZST</EndDateTime>
		<EndTestTime>1680490504</EndTestTime>
		<ElapsedMinutes>0</ElapsedMinutes>
	</Testing>
</Site>
